Mon Jul 23 21:02:39 CST 2018  [debug] AvalonLogSystem initialized using logfile 'velocity.log'
Mon Jul 23 21:02:39 CST 2018   [info] ************************************************************** 
Mon Jul 23 21:02:39 CST 2018   [info] Starting Jakarta Velocity v1.4
Mon Jul 23 21:02:39 CST 2018   [info] RuntimeInstance initializing.
Mon Jul 23 21:02:39 CST 2018   [info] Default Properties File: org\apache\velocity\runtime\defaults\velocity.properties
Mon Jul 23 21:02:39 CST 2018   [info] Trying to use logger class org.apache.velocity.runtime.log.AvalonLogSystem
Mon Jul 23 21:02:39 CST 2018   [info] Using logger class org.apache.velocity.runtime.log.AvalonLogSystem
Mon Jul 23 21:02:39 CST 2018   [info] Default ResourceManager initializing. (class org.apache.velocity.runtime.resource.ResourceManagerImpl)
Mon Jul 23 21:02:39 CST 2018   [info] Resource Loader Instantiated: org.apache.velocity.runtime.resource.loader.FileResourceLoader
Mon Jul 23 21:02:39 CST 2018   [info] FileResourceLoader : initialization starting.
Mon Jul 23 21:02:39 CST 2018   [info] FileResourceLoader : adding path 'd:/13.1quartus/ip/altera/fft/lib/\template'
Mon Jul 23 21:02:39 CST 2018   [info] FileResourceLoader : adding path '.'
Mon Jul 23 21:02:39 CST 2018   [info] FileResourceLoader : initialization complete.
Mon Jul 23 21:02:39 CST 2018   [info] Resource Loader Instantiated: org.apache.velocity.runtime.resource.loader.JarResourceLoader
Mon Jul 23 21:02:39 CST 2018   [info] JarResourceLoader : initialization starting.
Mon Jul 23 21:02:39 CST 2018   [info] JarResourceLoader # of paths : 0
Mon Jul 23 21:02:39 CST 2018   [info] JarResourceLoader : initialization complete.
Mon Jul 23 21:02:39 CST 2018   [info] Resource Loader Instantiated: org.apache.velocity.runtime.resource.loader.ClasspathResourceLoader
Mon Jul 23 21:02:39 CST 2018   [info] ClasspathResourceLoader : initialization starting.
Mon Jul 23 21:02:39 CST 2018   [info] ClasspathResourceLoader : initialization complete.
Mon Jul 23 21:02:39 CST 2018   [info] ResourceCache : initialized. (class org.apache.velocity.runtime.resource.ResourceCacheImpl)
Mon Jul 23 21:02:39 CST 2018   [info] Default ResourceManager initialization complete.
Mon Jul 23 21:02:39 CST 2018   [info] Loaded System Directive: org.apache.velocity.runtime.directive.Literal
Mon Jul 23 21:02:39 CST 2018   [info] Loaded System Directive: org.apache.velocity.runtime.directive.Macro
Mon Jul 23 21:02:39 CST 2018   [info] Loaded System Directive: org.apache.velocity.runtime.directive.Parse
Mon Jul 23 21:02:39 CST 2018   [info] Loaded System Directive: org.apache.velocity.runtime.directive.Include
Mon Jul 23 21:02:39 CST 2018   [info] Loaded System Directive: org.apache.velocity.runtime.directive.Foreach
Mon Jul 23 21:02:39 CST 2018   [info] Created: 20 parsers.
Mon Jul 23 21:02:39 CST 2018   [info] Velocimacro : initialization starting.
Mon Jul 23 21:02:39 CST 2018   [info] Velocimacro : adding VMs from VM library template : VM_global_library.vm
Mon Jul 23 21:02:39 CST 2018   [info] Velocimacro : added new VM : #listall( list ) : source = VM_global_library.vm
Mon Jul 23 21:02:39 CST 2018   [info] Velocimacro : added new VM : #listlist( list ) : source = VM_global_library.vm
Mon Jul 23 21:02:39 CST 2018   [info] ResourceManager : found VM_global_library.vm with loader org.apache.velocity.runtime.resource.loader.ClasspathResourceLoader
Mon Jul 23 21:02:39 CST 2018   [info] Velocimacro :  VM library template macro registration complete.
Mon Jul 23 21:02:39 CST 2018   [info] Velocimacro : allowInline = true : VMs can be defined inline in templates
Mon Jul 23 21:02:39 CST 2018   [info] Velocimacro : allowInlineToOverride = false : VMs defined inline may NOT replace previous VM definitions
Mon Jul 23 21:02:39 CST 2018   [info] Velocimacro : allowInlineLocal = false : VMs defined inline will be  global in scope if allowed.
Mon Jul 23 21:02:39 CST 2018   [info] Velocimacro : messages on  : VM system will output logging messages
Mon Jul 23 21:02:39 CST 2018   [info] Velocimacro : autoload off  : VM system will not automatically reload global library macros
Mon Jul 23 21:02:39 CST 2018   [info] Velocimacro : initialization complete.
Mon Jul 23 21:02:39 CST 2018   [info] Velocity successfully started.
Mon Jul 23 21:02:41 CST 2018   [info] ResourceManager : found fft_top_vhdl_tb.vm with loader org.apache.velocity.runtime.resource.loader.ClasspathResourceLoader
Mon Jul 23 21:02:41 CST 2018   [info] ResourceManager : found alt_license.txt with loader org.apache.velocity.runtime.resource.loader.ClasspathResourceLoader
Mon Jul 23 21:02:41 CST 2018   [info] ResourceManager : found fft_top_verilog_tb.vm with loader org.apache.velocity.runtime.resource.loader.ClasspathResourceLoader
Mon Jul 23 21:02:41 CST 2018   [info] ResourceManager : found alt_license_verilog.txt with loader org.apache.velocity.runtime.resource.loader.ClasspathResourceLoader
Mon Jul 23 21:02:41 CST 2018   [info] ResourceManager : found matlab_tb.vm with loader org.apache.velocity.runtime.resource.loader.ClasspathResourceLoader
Mon Jul 23 21:02:41 CST 2018   [info] ResourceManager : found matlab_model.vm with loader org.apache.velocity.runtime.resource.loader.ClasspathResourceLoader
Mon Jul 23 21:02:41 CST 2018   [info] ResourceManager : found set_nativelink_tcl.vm with loader org.apache.velocity.runtime.resource.loader.ClasspathResourceLoader
Mon Jul 23 21:02:41 CST 2018   [info] ResourceManager : found alt_license_tcl.txt with loader org.apache.velocity.runtime.resource.loader.ClasspathResourceLoader
